\BOOKMARK [1][-]{section.1}{\376\377\225\356\230\230\221\315\217\360}{}% 1
\BOOKMARK [2][-]{subsection.1.1}{\376\377\225\356\230\230\200\314\146\157}{section.1}% 2
\BOOKMARK [2][-]{subsection.1.2}{\376\377\225\356\230\230\143\320\121\372}{section.1}% 3
\BOOKMARK [1][-]{section.2}{\376\377\225\356\230\230\122\006\147\220}{}% 4
\BOOKMARK [2][-]{subsection.2.1}{\376\377\225\356\230\230\116\000\122\006\147\220}{section.2}% 5
\BOOKMARK [2][-]{subsection.2.2}{\376\377\225\356\230\230\116\214\122\006\147\220}{section.2}% 6
\BOOKMARK [2][-]{subsection.2.3}{\376\377\225\356\230\230\116\011\122\006\147\220}{section.2}% 7
\BOOKMARK [2][-]{subsection.2.4}{\376\377\225\356\230\230\126\333\122\006\147\220}{section.2}% 8
\BOOKMARK [1][-]{section.3}{\376\377\152\041\127\213\166\204\120\107\213\276}{}% 9
\BOOKMARK [1][-]{section.4}{\376\377\173\046\123\367\213\364\146\016}{}% 10
\BOOKMARK [1][-]{section.5}{\376\377\152\041\127\213\166\204\136\372\172\313\116\016\154\102\211\343}{}% 11
\BOOKMARK [2][-]{subsection.5.1}{\376\377\145\160\143\156\166\204\230\204\131\004\164\006}{section.5}% 12
\BOOKMARK [2][-]{subsection.5.2}{\376\377\225\356\230\230\116\000\166\204\152\041\127\213\136\372\172\313\116\016\154\102\211\343}{section.5}% 13
\BOOKMARK [3][-]{subsubsection.5.2.1}{\376\377\000*\000*\000*\152\041\127\213\166\204\136\372\172\313}{subsection.5.2}% 14
\BOOKMARK [3][-]{subsubsection.5.2.2}{\376\377\000*\000*\000*\152\041\127\213\166\204\154\102\211\343}{subsection.5.2}% 15
\BOOKMARK [3][-]{subsubsection.5.2.3}{\376\377\176\323\147\234}{subsection.5.2}% 16
\BOOKMARK [2][-]{subsection.5.3}{\376\377\116\214\176\247\150\007\230\230}{section.5}% 17
\BOOKMARK [3][-]{subsubsection.5.3.1}{\376\377\116\011\176\247\150\007\230\230}{subsection.5.3}% 18
\BOOKMARK [3][-]{subsubsection.5.3.2}{\376\377\122\027\210\150\163\257\130\203}{subsection.5.3}% 19
\BOOKMARK [3][-]{subsubsection.5.3.3}{\376\377\126\376}{subsection.5.3}% 20
\BOOKMARK [3][-]{subsubsection.5.3.4}{\376\377\210\150}{subsection.5.3}% 21
\BOOKMARK [3][-]{subsubsection.5.3.5}{\376\377\121\154\137\017}{subsection.5.3}% 22
\BOOKMARK [1][-]{section.6}{\376\377\213\357\135\356\122\006\147\220}{}% 23
\BOOKMARK [2][-]{subsection.6.1}{\376\377\224\210\133\371\116\216\225\356\230\230\0001\166\204\213\357\135\356\122\006\147\220}{section.6}% 24
\BOOKMARK [2][-]{subsection.6.2}{\376\377\224\210\133\371\116\216\225\356\230\230\0002\166\204\213\357\135\356\122\006\147\220}{section.6}% 25
\BOOKMARK [1][-]{appendix.A}{\376\377\213\346\176\306\126\376\210\150}{}% 26
\BOOKMARK [1][-]{appendix.B}{\376\377\116\343\170\001\172\013\136\217}{}% 27
\BOOKMARK [1][-]{appendix.C}{\376\377\145\057\144\221\147\120\145\231}{}% 28
